This is pdfTeX, Version 3.141592653-2.6-1.40.23 (TeX Live 2021/W32TeX) (preloaded format=pdflatex 2022.3.18)  1 APR 2022 10:48
entering extended mode
 restricted \write18 enabled.
 %&-line parsing enabled.
**GDREcostat_2022.tex
(./GDREcostat_2022.tex
LaTeX2e <2021-11-15> patch level 1
L3 programming layer <2022-02-24>
(c:/Users/balglave/AppData/Roaming/TinyTeX/texmf-dist/tex/latex/beamer/beamer.c
ls
Document Class: beamer 2022/02/08 v3.66 A class for typesetting presentations

(c:/Users/balglave/AppData/Roaming/TinyTeX/texmf-dist/tex/latex/beamer/beamerba
semodes.sty
(c:/Users/balglave/AppData/Roaming/TinyTeX/texmf-dist/tex/latex/etoolbox/etoolb
ox.sty
Package: etoolbox 2020/10/05 v2.5k e-TeX tools for LaTeX (JAW)
\etb@tempcnta=\count185
)
\beamer@tempbox=\box50
\beamer@tempcount=\count186
\c@beamerpauses=\count187

(c:/Users/balglave/AppData/Roaming/TinyTeX/texmf-dist/tex/latex/beamer/beamerba
sedecode.sty
\beamer@slideinframe=\count188
\beamer@minimum=\count189
\beamer@decode@box=\box51
)
\beamer@commentbox=\box52
\beamer@modecount=\count190
)
(c:/Users/balglave/AppData/Roaming/TinyTeX/texmf-dist/tex/generic/iftex/iftex.s
ty
Package: iftex 2022/02/03 v1.0f TeX engine tests
)
\headdp=\dimen138
\footheight=\dimen139
\sidebarheight=\dimen140
\beamer@tempdim=\dimen141
\beamer@finalheight=\dimen142
\beamer@animht=\dimen143
\beamer@animdp=\dimen144
\beamer@animwd=\dimen145
\beamer@leftmargin=\dimen146
\beamer@rightmargin=\dimen147
\beamer@leftsidebar=\dimen148
\beamer@rightsidebar=\dimen149
\beamer@boxsize=\dimen150
\beamer@vboxoffset=\dimen151
\beamer@descdefault=\dimen152
\beamer@descriptionwidth=\dimen153
\beamer@lastskip=\skip47
\beamer@areabox=\box53
\beamer@animcurrent=\box54
\beamer@animshowbox=\box55
\beamer@sectionbox=\box56
\beamer@logobox=\box57
\beamer@linebox=\box58
\beamer@sectioncount=\count191
\beamer@subsubsectionmax=\count192
\beamer@subsectionmax=\count193
\beamer@sectionmax=\count194
\beamer@totalheads=\count195
\beamer@headcounter=\count196
\beamer@partstartpage=\count197
\beamer@sectionstartpage=\count198
\beamer@subsectionstartpage=\count199
\beamer@animationtempa=\count266
\beamer@animationtempb=\count267
\beamer@xpos=\count268
\beamer@ypos=\count269
\beamer@ypos@offset=\count270
\beamer@showpartnumber=\count271
\beamer@currentsubsection=\count272
\beamer@coveringdepth=\count273
\beamer@sectionadjust=\count274
\beamer@toclastsection=\count275
\beamer@tocsectionnumber=\count276

(c:/Users/balglave/AppData/Roaming/TinyTeX/texmf-dist/tex/latex/beamer/beamerba
seoptions.sty
(c:/Users/balglave/AppData/Roaming/TinyTeX/texmf-dist/tex/latex/graphics/keyval
.sty
Package: keyval 2014/10/28 v1.15 key=value parser (DPC)
\KV@toks@=\toks16
))
\beamer@paperwidth=\skip48
\beamer@paperheight=\skip49

(c:/Users/balglave/AppData/Roaming/TinyTeX/texmf-dist/tex/latex/geometry/geomet
ry.sty
Package: geometry 2020/01/02 v5.9 Page Geometry

(c:/Users/balglave/AppData/Roaming/TinyTeX/texmf-dist/tex/generic/iftex/ifvtex.
sty
Package: ifvtex 2019/10/25 v1.7 ifvtex legacy package. Use iftex instead.
)
\Gm@cnth=\count277
\Gm@cntv=\count278
\c@Gm@tempcnt=\count279
\Gm@bindingoffset=\dimen154
\Gm@wd@mp=\dimen155
\Gm@odd@mp=\dimen156
\Gm@even@mp=\dimen157
\Gm@layoutwidth=\dimen158
\Gm@layoutheight=\dimen159
\Gm@layouthoffset=\dimen160
\Gm@layoutvoffset=\dimen161
\Gm@dimlist=\toks17
)
(c:/Users/balglave/AppData/Roaming/TinyTeX/texmf-dist/tex/latex/pgf/math/pgfmat
h.sty
(c:/Users/balglave/AppData/Roaming/TinyTeX/texmf-dist/tex/latex/pgf/utilities/p
gfrcs.sty
(c:/Users/balglave/AppData/Roaming/TinyTeX/texmf-dist/tex/generic/pgf/utilities
/pgfutil-common.tex
\pgfutil@everybye=\toks18
\pgfutil@tempdima=\dimen162
\pgfutil@tempdimb=\dimen163

(c:/Users/balglave/AppData/Roaming/TinyTeX/texmf-dist/tex/generic/pgf/utilities
/pgfutil-common-lists.tex))
(c:/Users/balglave/AppData/Roaming/TinyTeX/texmf-dist/tex/generic/pgf/utilities
/pgfutil-latex.def
\pgfutil@abb=\box59
)
(c:/Users/balglave/AppData/Roaming/TinyTeX/texmf-dist/tex/generic/pgf/utilities
/pgfrcs.code.tex
(c:/Users/balglave/AppData/Roaming/TinyTeX/texmf-dist/tex/generic/pgf/pgf.revis
ion.tex)
Package: pgfrcs 2021/05/15 v3.1.9a (3.1.9a)
))
(c:/Users/balglave/AppData/Roaming/TinyTeX/texmf-dist/tex/latex/pgf/utilities/p
gfkeys.sty
(c:/Users/balglave/AppData/Roaming/TinyTeX/texmf-dist/tex/generic/pgf/utilities
/pgfkeys.code.tex
\pgfkeys@pathtoks=\toks19
\pgfkeys@temptoks=\toks20

(c:/Users/balglave/AppData/Roaming/TinyTeX/texmf-dist/tex/generic/pgf/utilities
/pgfkeysfiltered.code.tex
\pgfkeys@tmptoks=\toks21
)))
(c:/Users/balglave/AppData/Roaming/TinyTeX/texmf-dist/tex/generic/pgf/math/pgfm
ath.code.tex
(c:/Users/balglave/AppData/Roaming/TinyTeX/texmf-dist/tex/generic/pgf/math/pgfm
athcalc.code.tex
(c:/Users/balglave/AppData/Roaming/TinyTeX/texmf-dist/tex/generic/pgf/math/pgfm
athutil.code.tex
\pgf@x=\dimen164
\pgf@xa=\dimen165
\pgf@xb=\dimen166
\pgf@xc=\dimen167
\pgf@y=\dimen168
\pgf@ya=\dimen169
\pgf@yb=\dimen170
\pgf@yc=\dimen171
\c@pgf@counta=\count280
\c@pgf@countb=\count281
\c@pgf@countc=\count282
\c@pgf@countd=\count283
)
(c:/Users/balglave/AppData/Roaming/TinyTeX/texmf-dist/tex/generic/pgf/math/pgfm
athparser.code.tex
\pgfmath@dimen=\dimen172
\pgfmath@count=\count284
\pgfmath@box=\box60
\pgfmath@toks=\toks22
\pgfmath@stack@operand=\toks23
\pgfmath@stack@operation=\toks24
)
(c:/Users/balglave/AppData/Roaming/TinyTeX/texmf-dist/tex/generic/pgf/math/pgfm
athfunctions.code.tex
(c:/Users/balglave/AppData/Roaming/TinyTeX/texmf-dist/tex/generic/pgf/math/pgfm
athfunctions.basic.code.tex)
(c:/Users/balglave/AppData/Roaming/TinyTeX/texmf-dist/tex/generic/pgf/math/pgfm
athfunctions.trigonometric.code.tex)
(c:/Users/balglave/AppData/Roaming/TinyTeX/texmf-dist/tex/generic/pgf/math/pgfm
athfunctions.random.code.tex)
(c:/Users/balglave/AppData/Roaming/TinyTeX/texmf-dist/tex/generic/pgf/math/pgfm
athfunctions.comparison.code.tex)
(c:/Users/balglave/AppData/Roaming/TinyTeX/texmf-dist/tex/generic/pgf/math/pgfm
athfunctions.base.code.tex)
(c:/Users/balglave/AppData/Roaming/TinyTeX/texmf-dist/tex/generic/pgf/math/pgfm
athfunctions.round.code.tex)
(c:/Users/balglave/AppData/Roaming/TinyTeX/texmf-dist/tex/generic/pgf/math/pgfm
athfunctions.misc.code.tex)
(c:/Users/balglave/AppData/Roaming/TinyTeX/texmf-dist/tex/generic/pgf/math/pgfm
athfunctions.integerarithmetics.code.tex)))
(c:/Users/balglave/AppData/Roaming/TinyTeX/texmf-dist/tex/generic/pgf/math/pgfm
athfloat.code.tex
\c@pgfmathroundto@lastzeros=\count285
)))
(c:/Users/balglave/AppData/Roaming/TinyTeX/texmf-dist/tex/latex/base/size10.clo
File: size10.clo 2021/10/04 v1.4n Standard LaTeX file (size option)
)
(c:/Users/balglave/AppData/Roaming/TinyTeX/texmf-dist/tex/latex/pgf/basiclayer/
pgfcore.sty
(c:/Users/balglave/AppData/Roaming/TinyTeX/texmf-dist/tex/latex/graphics/graphi
cx.sty
Package: graphicx 2021/09/16 v1.2d Enhanced LaTeX Graphics (DPC,SPQR)

(c:/Users/balglave/AppData/Roaming/TinyTeX/texmf-dist/tex/latex/graphics/graphi
cs.sty
Package: graphics 2021/03/04 v1.4d Standard LaTeX Graphics (DPC,SPQR)

(c:/Users/balglave/AppData/Roaming/TinyTeX/texmf-dist/tex/latex/graphics/trig.s
ty
Package: trig 2021/08/11 v1.11 sin cos tan (DPC)
)
(c:/Users/balglave/AppData/Roaming/TinyTeX/texmf-dist/tex/latex/graphics-cfg/gr
aphics.cfg
File: graphics.cfg 2016/06/04 v1.11 sample graphics configuration
)
Package graphics Info: Driver file: pdftex.def on input line 107.

(c:/Users/balglave/AppData/Roaming/TinyTeX/texmf-dist/tex/latex/graphics-def/pd
ftex.def
File: pdftex.def 2020/10/05 v1.2a Graphics/color driver for pdftex
))
\Gin@req@height=\dimen173
\Gin@req@width=\dimen174
)
(c:/Users/balglave/AppData/Roaming/TinyTeX/texmf-dist/tex/latex/pgf/systemlayer
/pgfsys.sty
(c:/Users/balglave/AppData/Roaming/TinyTeX/texmf-dist/tex/generic/pgf/systemlay
er/pgfsys.code.tex
Package: pgfsys 2021/05/15 v3.1.9a (3.1.9a)

(c:/Users/balglave/AppData/Roaming/TinyTeX/texmf-dist/tex/generic/pgf/utilities
/pgfkeys.code.tex)
\pgf@x=\dimen175
\pgf@y=\dimen176
\pgf@xa=\dimen177
\pgf@ya=\dimen178
\pgf@xb=\dimen179
\pgf@yb=\dimen180
\pgf@xc=\dimen181
\pgf@yc=\dimen182
\pgf@xd=\dimen183
\pgf@yd=\dimen184
\w@pgf@writea=\write3
\r@pgf@reada=\read2
\c@pgf@counta=\count286
\c@pgf@countb=\count287
\c@pgf@countc=\count288
\c@pgf@countd=\count289
\t@pgf@toka=\toks25
\t@pgf@tokb=\toks26
\t@pgf@tokc=\toks27
\pgf@sys@id@count=\count290

(c:/Users/balglave/AppData/Roaming/TinyTeX/texmf-dist/tex/generic/pgf/systemlay
er/pgf.cfg
File: pgf.cfg 2021/05/15 v3.1.9a (3.1.9a)
)
Driver file for pgf: pgfsys-pdftex.def

(c:/Users/balglave/AppData/Roaming/TinyTeX/texmf-dist/tex/generic/pgf/systemlay
er/pgfsys-pdftex.def
File: pgfsys-pdftex.def 2021/05/15 v3.1.9a (3.1.9a)

(c:/Users/balglave/AppData/Roaming/TinyTeX/texmf-dist/tex/generic/pgf/systemlay
er/pgfsys-common-pdf.def
File: pgfsys-common-pdf.def 2021/05/15 v3.1.9a (3.1.9a)
)))
(c:/Users/balglave/AppData/Roaming/TinyTeX/texmf-dist/tex/generic/pgf/systemlay
er/pgfsyssoftpath.code.tex
File: pgfsyssoftpath.code.tex 2021/05/15 v3.1.9a (3.1.9a)
\pgfsyssoftpath@smallbuffer@items=\count291
\pgfsyssoftpath@bigbuffer@items=\count292
)
(c:/Users/balglave/AppData/Roaming/TinyTeX/texmf-dist/tex/generic/pgf/systemlay
er/pgfsysprotocol.code.tex
File: pgfsysprotocol.code.tex 2021/05/15 v3.1.9a (3.1.9a)
))
(c:/Users/balglave/AppData/Roaming/TinyTeX/texmf-dist/tex/latex/xcolor/xcolor.s
ty
Package: xcolor 2021/10/31 v2.13 LaTeX color extensions (UK)

(c:/Users/balglave/AppData/Roaming/TinyTeX/texmf-dist/tex/latex/graphics-cfg/co
lor.cfg
File: color.cfg 2016/01/02 v1.6 sample color configuration
)
Package xcolor Info: Driver file: pdftex.def on input line 227.
Package xcolor Info: Model `cmy' substituted by `cmy0' on input line 1352.
Package xcolor Info: Model `hsb' substituted by `rgb' on input line 1356.
Package xcolor Info: Model `RGB' extended on input line 1368.
Package xcolor Info: Model `HTML' substituted by `rgb' on input line 1370.
Package xcolor Info: Model `Hsb' substituted by `hsb' on input line 1371.
Package xcolor Info: Model `tHsb' substituted by `hsb' on input line 1372.
Package xcolor Info: Model `HSB' substituted by `hsb' on input line 1373.
Package xcolor Info: Model `Gray' substituted by `gray' on input line 1374.
Package xcolor Info: Model `wave' substituted by `hsb' on input line 1375.
)
(c:/Users/balglave/AppData/Roaming/TinyTeX/texmf-dist/tex/generic/pgf/basiclaye
r/pgfcore.code.tex
Package: pgfcore 2021/05/15 v3.1.9a (3.1.9a)

(c:/Users/balglave/AppData/Roaming/TinyTeX/texmf-dist/tex/generic/pgf/math/pgfm
ath.code.tex)
(c:/Users/balglave/AppData/Roaming/TinyTeX/texmf-dist/tex/generic/pgf/math/pgfi
nt.code.tex)
(c:/Users/balglave/AppData/Roaming/TinyTeX/texmf-dist/tex/generic/pgf/basiclaye
r/pgfcorepoints.code.tex
File: pgfcorepoints.code.tex 2021/05/15 v3.1.9a (3.1.9a)
\pgf@picminx=\dimen185
\pgf@picmaxx=\dimen186
\pgf@picminy=\dimen187
\pgf@picmaxy=\dimen188
\pgf@pathminx=\dimen189
\pgf@pathmaxx=\dimen190
\pgf@pathminy=\dimen191
\pgf@pathmaxy=\dimen192
\pgf@xx=\dimen193
\pgf@xy=\dimen194
\pgf@yx=\dimen195
\pgf@yy=\dimen196
\pgf@zx=\dimen197
\pgf@zy=\dimen198
)
(c:/Users/balglave/AppData/Roaming/TinyTeX/texmf-dist/tex/generic/pgf/basiclaye
r/pgfcorepathconstruct.code.tex
File: pgfcorepathconstruct.code.tex 2021/05/15 v3.1.9a (3.1.9a)
\pgf@path@lastx=\dimen199
\pgf@path@lasty=\dimen256
)
(c:/Users/balglave/AppData/Roaming/TinyTeX/texmf-dist/tex/generic/pgf/basiclaye
r/pgfcorepathusage.code.tex
File: pgfcorepathusage.code.tex 2021/05/15 v3.1.9a (3.1.9a)
\pgf@shorten@end@additional=\dimen257
\pgf@shorten@start@additional=\dimen258
)
(c:/Users/balglave/AppData/Roaming/TinyTeX/texmf-dist/tex/generic/pgf/basiclaye
r/pgfcorescopes.code.tex
File: pgfcorescopes.code.tex 2021/05/15 v3.1.9a (3.1.9a)
\pgfpic=\box61
\pgf@hbox=\box62
\pgf@layerbox@main=\box63
\pgf@picture@serial@count=\count293
)
(c:/Users/balglave/AppData/Roaming/TinyTeX/texmf-dist/tex/generic/pgf/basiclaye
r/pgfcoregraphicstate.code.tex
File: pgfcoregraphicstate.code.tex 2021/05/15 v3.1.9a (3.1.9a)
\pgflinewidth=\dimen259
)
(c:/Users/balglave/AppData/Roaming/TinyTeX/texmf-dist/tex/generic/pgf/basiclaye
r/pgfcoretransformations.code.tex
File: pgfcoretransformations.code.tex 2021/05/15 v3.1.9a (3.1.9a)
\pgf@pt@x=\dimen260
\pgf@pt@y=\dimen261
\pgf@pt@temp=\dimen262
)
(c:/Users/balglave/AppData/Roaming/TinyTeX/texmf-dist/tex/generic/pgf/basiclaye
r/pgfcorequick.code.tex
File: pgfcorequick.code.tex 2021/05/15 v3.1.9a (3.1.9a)
)
(c:/Users/balglave/AppData/Roaming/TinyTeX/texmf-dist/tex/generic/pgf/basiclaye
r/pgfcoreobjects.code.tex
File: pgfcoreobjects.code.tex 2021/05/15 v3.1.9a (3.1.9a)
)
(c:/Users/balglave/AppData/Roaming/TinyTeX/texmf-dist/tex/generic/pgf/basiclaye
r/pgfcorepathprocessing.code.tex
File: pgfcorepathprocessing.code.tex 2021/05/15 v3.1.9a (3.1.9a)
)
(c:/Users/balglave/AppData/Roaming/TinyTeX/texmf-dist/tex/generic/pgf/basiclaye
r/pgfcorearrows.code.tex
File: pgfcorearrows.code.tex 2021/05/15 v3.1.9a (3.1.9a)
\pgfarrowsep=\dimen263
)
(c:/Users/balglave/AppData/Roaming/TinyTeX/texmf-dist/tex/generic/pgf/basiclaye
r/pgfcoreshade.code.tex
File: pgfcoreshade.code.tex 2021/05/15 v3.1.9a (3.1.9a)
\pgf@max=\dimen264
\pgf@sys@shading@range@num=\count294
\pgf@shadingcount=\count295
)
(c:/Users/balglave/AppData/Roaming/TinyTeX/texmf-dist/tex/generic/pgf/basiclaye
r/pgfcoreimage.code.tex
File: pgfcoreimage.code.tex 2021/05/15 v3.1.9a (3.1.9a)

(c:/Users/balglave/AppData/Roaming/TinyTeX/texmf-dist/tex/generic/pgf/basiclaye
r/pgfcoreexternal.code.tex
File: pgfcoreexternal.code.tex 2021/05/15 v3.1.9a (3.1.9a)
\pgfexternal@startupbox=\box64
))
(c:/Users/balglave/AppData/Roaming/TinyTeX/texmf-dist/tex/generic/pgf/basiclaye
r/pgfcorelayers.code.tex
File: pgfcorelayers.code.tex 2021/05/15 v3.1.9a (3.1.9a)
)
(c:/Users/balglave/AppData/Roaming/TinyTeX/texmf-dist/tex/generic/pgf/basiclaye
r/pgfcoretransparency.code.tex
File: pgfcoretransparency.code.tex 2021/05/15 v3.1.9a (3.1.9a)
)
(c:/Users/balglave/AppData/Roaming/TinyTeX/texmf-dist/tex/generic/pgf/basiclaye
r/pgfcorepatterns.code.tex
File: pgfcorepatterns.code.tex 2021/05/15 v3.1.9a (3.1.9a)
)
(c:/Users/balglave/AppData/Roaming/TinyTeX/texmf-dist/tex/generic/pgf/basiclaye
r/pgfcorerdf.code.tex
File: pgfcorerdf.code.tex 2021/05/15 v3.1.9a (3.1.9a)
)))
(c:/Users/balglave/AppData/Roaming/TinyTeX/texmf-dist/tex/latex/pgf/utilities/x
xcolor.sty
Package: xxcolor 2003/10/24 ver 0.1
\XC@nummixins=\count296
\XC@countmixins=\count297
)
(c:/Users/balglave/AppData/Roaming/TinyTeX/texmf-dist/tex/latex/base/atbegshi-l
tx.sty
Package: atbegshi-ltx 2021/01/10 v1.0c Emulation of the original atbegshi
package with kernel methods
)
(c:/Users/balglave/AppData/Roaming/TinyTeX/texmf-dist/tex/latex/hyperref/hyperr
ef.sty
Package: hyperref 2022-02-21 v7.00n Hypertext links for LaTeX

(c:/Users/balglave/AppData/Roaming/TinyTeX/texmf-dist/tex/generic/ltxcmds/ltxcm
ds.sty
Package: ltxcmds 2020-05-10 v1.25 LaTeX kernel commands for general use (HO)
)
(c:/Users/balglave/AppData/Roaming/TinyTeX/texmf-dist/tex/generic/pdftexcmds/pd
ftexcmds.sty
Package: pdftexcmds 2020-06-27 v0.33 Utility functions of pdfTeX for LuaTeX (HO
)

(c:/Users/balglave/AppData/Roaming/TinyTeX/texmf-dist/tex/generic/infwarerr/inf
warerr.sty
Package: infwarerr 2019/12/03 v1.5 Providing info/warning/error messages (HO)
)
Package pdftexcmds Info: \pdf@primitive is available.
Package pdftexcmds Info: \pdf@ifprimitive is available.
Package pdftexcmds Info: \pdfdraftmode found.
)
(c:/Users/balglave/AppData/Roaming/TinyTeX/texmf-dist/tex/generic/kvsetkeys/kvs
etkeys.sty
Package: kvsetkeys 2019/12/15 v1.18 Key value parser (HO)
)
(c:/Users/balglave/AppData/Roaming/TinyTeX/texmf-dist/tex/generic/kvdefinekeys/
kvdefinekeys.sty
Package: kvdefinekeys 2019-12-19 v1.6 Define keys (HO)
)
(c:/Users/balglave/AppData/Roaming/TinyTeX/texmf-dist/tex/generic/pdfescape/pdf
escape.sty
Package: pdfescape 2019/12/09 v1.15 Implements pdfTeX's escape features (HO)
)
(c:/Users/balglave/AppData/Roaming/TinyTeX/texmf-dist/tex/latex/hycolor/hycolor
.sty
Package: hycolor 2020-01-27 v1.10 Color options for hyperref/bookmark (HO)
)
(c:/Users/balglave/AppData/Roaming/TinyTeX/texmf-dist/tex/latex/letltxmacro/let
ltxmacro.sty
Package: letltxmacro 2019/12/03 v1.6 Let assignment for LaTeX macros (HO)
)
(c:/Users/balglave/AppData/Roaming/TinyTeX/texmf-dist/tex/latex/auxhook/auxhook
.sty
Package: auxhook 2019-12-17 v1.6 Hooks for auxiliary files (HO)
)
(c:/Users/balglave/AppData/Roaming/TinyTeX/texmf-dist/tex/latex/kvoptions/kvopt
ions.sty
Package: kvoptions 2020-10-07 v3.14 Key value format for package options (HO)
)
\@linkdim=\dimen265
\Hy@linkcounter=\count298
\Hy@pagecounter=\count299

(c:/Users/balglave/AppData/Roaming/TinyTeX/texmf-dist/tex/latex/hyperref/pd1enc
.def
File: pd1enc.def 2022-02-21 v7.00n Hyperref: PDFDocEncoding definition (HO)
Now handling font encoding PD1 ...
... no UTF-8 mapping file for font encoding PD1
)
(c:/Users/balglave/AppData/Roaming/TinyTeX/texmf-dist/tex/generic/intcalc/intca
lc.sty
Package: intcalc 2019/12/15 v1.3 Expandable calculations with integers (HO)
)
(c:/Users/balglave/AppData/Roaming/TinyTeX/texmf-dist/tex/generic/etexcmds/etex
cmds.sty
Package: etexcmds 2019/12/15 v1.7 Avoid name clashes with e-TeX commands (HO)
)
\Hy@SavedSpaceFactor=\count300

(c:/Users/balglave/AppData/Roaming/TinyTeX/texmf-dist/tex/latex/hyperref/puenc.
def
File: puenc.def 2022-02-21 v7.00n Hyperref: PDF Unicode definition (HO)
Now handling font encoding PU ...
... no UTF-8 mapping file for font encoding PU
)
Package hyperref Info: Option `unicode' set `true' on input line 4018.
Package hyperref Info: Option `bookmarks' set `true' on input line 4018.
Package hyperref Info: Option `bookmarksopen' set `true' on input line 4018.
Package hyperref Info: Option `implicit' set `false' on input line 4018.
Package hyperref Info: Hyper figures OFF on input line 4137.
Package hyperref Info: Link nesting OFF on input line 4142.
Package hyperref Info: Hyper index ON on input line 4145.
Package hyperref Info: Plain pages OFF on input line 4152.
Package hyperref Info: Backreferencing OFF on input line 4157.
Package hyperref Info: Implicit mode OFF; no redefinition of LaTeX internals.
Package hyperref Info: Bookmarks ON on input line 4390.
\c@Hy@tempcnt=\count301
(c:/Users/balglave/AppData/Roaming/TinyTeX/texmf-dist/tex/latex/url/url.sty
\Urlmuskip=\muskip16
Package: url 2013/09/16  ver 3.4  Verb mode for urls, etc.
)
LaTeX Info: Redefining \url on input line 4749.
\XeTeXLinkMargin=\dimen266

(c:/Users/balglave/AppData/Roaming/TinyTeX/texmf-dist/tex/generic/bitset/bitset
.sty
Package: bitset 2019/12/09 v1.3 Handle bit-vector datatype (HO)

(c:/Users/balglave/AppData/Roaming/TinyTeX/texmf-dist/tex/generic/bigintcalc/bi
gintcalc.sty
Package: bigintcalc 2019/12/15 v1.5 Expandable calculations on big integers (HO
)
))
\Fld@menulength=\count302
\Field@Width=\dimen267
\Fld@charsize=\dimen268
Package hyperref Info: Hyper figures OFF on input line 6027.
Package hyperref Info: Link nesting OFF on input line 6032.
Package hyperref Info: Hyper index ON on input line 6035.
Package hyperref Info: backreferencing OFF on input line 6042.
Package hyperref Info: Link coloring OFF on input line 6047.
Package hyperref Info: Link coloring with OCG OFF on input line 6052.
Package hyperref Info: PDF/A mode OFF on input line 6057.
LaTeX Info: Redefining \ref on input line 6097.
LaTeX Info: Redefining \pageref on input line 6101.
\Hy@abspage=\count303

Package hyperref Message: Stopped early.

)
Package hyperref Info: Driver (autodetected): hpdftex.

(c:/Users/balglave/AppData/Roaming/TinyTeX/texmf-dist/tex/latex/hyperref/hpdfte
x.def
File: hpdftex.def 2022-02-21 v7.00n Hyperref driver for pdfTeX

(c:/Users/balglave/AppData/Roaming/TinyTeX/texmf-dist/tex/latex/base/atveryend-
ltx.sty
Package: atveryend-ltx 2020/08/19 v1.0a Emulation of the original atveryend pac
kage
with kernel methods
)
\Fld@listcount=\count304
\c@bookmark@seq@number=\count305

(c:/Users/balglave/AppData/Roaming/TinyTeX/texmf-dist/tex/latex/rerunfilecheck/
rerunfilecheck.sty
Package: rerunfilecheck 2019/12/05 v1.9 Rerun checks for auxiliary files (HO)

(c:/Users/balglave/AppData/Roaming/TinyTeX/texmf-dist/tex/generic/uniquecounter
/uniquecounter.sty
Package: uniquecounter 2019/12/15 v1.4 Provide unlimited unique counter (HO)
)
Package uniquecounter Info: New unique counter `rerunfilecheck' on input line 2
86.
))
(c:/Users/balglave/AppData/Roaming/TinyTeX/texmf-dist/tex/latex/beamer/beamerba
serequires.sty
(c:/Users/balglave/AppData/Roaming/TinyTeX/texmf-dist/tex/latex/beamer/beamerba
secompatibility.sty)
(c:/Users/balglave/AppData/Roaming/TinyTeX/texmf-dist/tex/latex/beamer/beamerba
sefont.sty
(c:/Users/balglave/AppData/Roaming/TinyTeX/texmf-dist/tex/latex/amsfonts/amssym
b.sty
Package: amssymb 2013/01/14 v3.01 AMS font symbols

(c:/Users/balglave/AppData/Roaming/TinyTeX/texmf-dist/tex/latex/amsfonts/amsfon
ts.sty
Package: amsfonts 2013/01/14 v3.01 Basic AMSFonts support
\@emptytoks=\toks28
\symAMSa=\mathgroup4
\symAMSb=\mathgroup5
LaTeX Font Info:    Redeclaring math symbol \hbar on input line 98.
LaTeX Font Info:    Overwriting math alphabet `\mathfrak' in version `bold'
(Font)                  U/euf/m/n --> U/euf/b/n on input line 106.
)))
(c:/Users/balglave/AppData/Roaming/TinyTeX/texmf-dist/tex/latex/beamer/beamerba
setranslator.sty
(c:/Users/balglave/AppData/Roaming/TinyTeX/texmf-dist/tex/latex/translator/tran
slator.sty
Package: translator 2021-05-31 v1.12d Easy translation of strings in LaTeX
))
(c:/Users/balglave/AppData/Roaming/TinyTeX/texmf-dist/tex/latex/beamer/beamerba
semisc.sty)
(c:/Users/balglave/AppData/Roaming/TinyTeX/texmf-dist/tex/latex/beamer/beamerba
setwoscreens.sty)
(c:/Users/balglave/AppData/Roaming/TinyTeX/texmf-dist/tex/latex/beamer/beamerba
seoverlay.sty
\beamer@argscount=\count306
\beamer@lastskipcover=\skip50
\beamer@trivlistdepth=\count307
)
(c:/Users/balglave/AppData/Roaming/TinyTeX/texmf-dist/tex/latex/beamer/beamerba
setitle.sty)
(c:/Users/balglave/AppData/Roaming/TinyTeX/texmf-dist/tex/latex/beamer/beamerba
sesection.sty
\c@lecture=\count308
\c@part=\count309
\c@section=\count310
\c@subsection=\count311
\c@subsubsection=\count312
)
(c:/Users/balglave/AppData/Roaming/TinyTeX/texmf-dist/tex/latex/beamer/beamerba
seframe.sty
\beamer@framebox=\box65
\beamer@frametitlebox=\box66
\beamer@zoombox=\box67
\beamer@zoomcount=\count313
\beamer@zoomframecount=\count314
\beamer@frametextheight=\dimen269
\c@subsectionslide=\count315
\beamer@frametopskip=\skip51
\beamer@framebottomskip=\skip52
\beamer@frametopskipautobreak=\skip53
\beamer@framebottomskipautobreak=\skip54
\beamer@envbody=\toks29
\framewidth=\dimen270
\c@framenumber=\count316
)
(c:/Users/balglave/AppData/Roaming/TinyTeX/texmf-dist/tex/latex/beamer/beamerba
severbatim.sty
\beamer@verbatimfileout=\write4
)
(c:/Users/balglave/AppData/Roaming/TinyTeX/texmf-dist/tex/latex/beamer/beamerba
seframesize.sty
\beamer@splitbox=\box68
\beamer@autobreakcount=\count317
\beamer@autobreaklastheight=\dimen271
\beamer@frametitletoks=\toks30
\beamer@framesubtitletoks=\toks31
)
(c:/Users/balglave/AppData/Roaming/TinyTeX/texmf-dist/tex/latex/beamer/beamerba
seframecomponents.sty
\beamer@footins=\box69
)
(c:/Users/balglave/AppData/Roaming/TinyTeX/texmf-dist/tex/latex/beamer/beamerba
secolor.sty)
(c:/Users/balglave/AppData/Roaming/TinyTeX/texmf-dist/tex/latex/beamer/beamerba
senotes.sty
\beamer@frameboxcopy=\box70
)
(c:/Users/balglave/AppData/Roaming/TinyTeX/texmf-dist/tex/latex/beamer/beamerba
setoc.sty)
(c:/Users/balglave/AppData/Roaming/TinyTeX/texmf-dist/tex/latex/beamer/beamerba
setemplates.sty
\beamer@sbttoks=\toks32

(c:/Users/balglave/AppData/Roaming/TinyTeX/texmf-dist/tex/latex/beamer/beamerba
seauxtemplates.sty
(c:/Users/balglave/AppData/Roaming/TinyTeX/texmf-dist/tex/latex/beamer/beamerba
seboxes.sty
\bmb@box=\box71
\bmb@colorbox=\box72
\bmb@boxwidth=\dimen272
\bmb@boxheight=\dimen273
\bmb@prevheight=\dimen274
\bmb@temp=\dimen275
\bmb@dima=\dimen276
\bmb@dimb=\dimen277
\bmb@prevheight=\dimen278
)
\beamer@blockheadheight=\dimen279
))
(c:/Users/balglave/AppData/Roaming/TinyTeX/texmf-dist/tex/latex/beamer/beamerba
selocalstructure.sty
(c:/Users/balglave/AppData/Roaming/TinyTeX/texmf-dist/tex/latex/tools/enumerate
.sty
Package: enumerate 2015/07/23 v3.00 enumerate extensions (DPC)
\@enLab=\toks33
)
\beamer@bibiconwidth=\skip55
\c@figure=\count318
\c@table=\count319
\abovecaptionskip=\skip56
\belowcaptionskip=\skip57
)
(c:/Users/balglave/AppData/Roaming/TinyTeX/texmf-dist/tex/latex/beamer/beamerba
senavigation.sty
\beamer@section@min@dim=\dimen280
)
(c:/Users/balglave/AppData/Roaming/TinyTeX/texmf-dist/tex/latex/beamer/beamerba
setheorems.sty
(c:/Users/balglave/AppData/Roaming/TinyTeX/texmf-dist/tex/latex/amsmath/amsmath
.sty
Package: amsmath 2021/10/15 v2.17l AMS math features
\@mathmargin=\skip58
For additional information on amsmath, use the `?' option.

(c:/Users/balglave/AppData/Roaming/TinyTeX/texmf-dist/tex/latex/amsmath/amstext
.sty
Package: amstext 2021/08/26 v2.01 AMS text

(c:/Users/balglave/AppData/Roaming/TinyTeX/texmf-dist/tex/latex/amsmath/amsgen.
sty
File: amsgen.sty 1999/11/30 v2.0 generic functions
\@emptytoks=\toks34
\ex@=\dimen281
))
(c:/Users/balglave/AppData/Roaming/TinyTeX/texmf-dist/tex/latex/amsmath/amsbsy.
sty
Package: amsbsy 1999/11/29 v1.2d Bold Symbols
\pmbraise@=\dimen282
)
(c:/Users/balglave/AppData/Roaming/TinyTeX/texmf-dist/tex/latex/amsmath/amsopn.
sty
Package: amsopn 2021/08/26 v2.02 operator names
)
\inf@bad=\count320
LaTeX Info: Redefining \frac on input line 234.
\uproot@=\count321
\leftroot@=\count322
LaTeX Info: Redefining \overline on input line 399.
\classnum@=\count323
\DOTSCASE@=\count324
LaTeX Info: Redefining \ldots on input line 496.
LaTeX Info: Redefining \dots on input line 499.
LaTeX Info: Redefining \cdots on input line 620.
\Mathstrutbox@=\box73
\strutbox@=\box74
\big@size=\dimen283
LaTeX Font Info:    Redeclaring font encoding OML on input line 743.
LaTeX Font Info:    Redeclaring font encoding OMS on input line 744.
\macc@depth=\count325
\c@MaxMatrixCols=\count326
\dotsspace@=\muskip17
\c@parentequation=\count327
\dspbrk@lvl=\count328
\tag@help=\toks35
\row@=\count329
\column@=\count330
\maxfields@=\count331
\andhelp@=\toks36
\eqnshift@=\dimen284
\alignsep@=\dimen285
\tagshift@=\dimen286
\tagwidth@=\dimen287
\totwidth@=\dimen288
\lineht@=\dimen289
\@envbody=\toks37
\multlinegap=\skip59
\multlinetaggap=\skip60
\mathdisplay@stack=\toks38
LaTeX Info: Redefining \[ on input line 2938.
LaTeX Info: Redefining \] on input line 2939.
)
(c:/Users/balglave/AppData/Roaming/TinyTeX/texmf-dist/tex/latex/amscls/amsthm.s
ty
Package: amsthm 2020/05/29 v2.20.6
\thm@style=\toks39
\thm@bodyfont=\toks40
\thm@headfont=\toks41
\thm@notefont=\toks42
\thm@headpunct=\toks43
\thm@preskip=\skip61
\thm@postskip=\skip62
\thm@headsep=\skip63
\dth@everypar=\toks44
)
\c@theorem=\count332
)
(c:/Users/balglave/AppData/Roaming/TinyTeX/texmf-dist/tex/latex/beamer/beamerba
sethemes.sty))
(c:/Users/balglave/AppData/Roaming/TinyTeX/texmf-dist/tex/latex/beamer/beamerth
emedefault.sty
(c:/Users/balglave/AppData/Roaming/TinyTeX/texmf-dist/tex/latex/beamer/beamerfo
ntthemedefault.sty)
(c:/Users/balglave/AppData/Roaming/TinyTeX/texmf-dist/tex/latex/beamer/beamerco
lorthemedefault.sty)
(c:/Users/balglave/AppData/Roaming/TinyTeX/texmf-dist/tex/latex/beamer/beamerin
nerthemedefault.sty
\beamer@dima=\dimen290
\beamer@dimb=\dimen291
)
(c:/Users/balglave/AppData/Roaming/TinyTeX/texmf-dist/tex/latex/beamer/beamerou
terthemedefault.sty)))
(c:/Users/balglave/AppData/Roaming/TinyTeX/texmf-dist/tex/latex/pgf/utilities/p
gfpages.sty
Package: pgfpages 2011/01/05 ver 0.02
(c:/Users/balglave/AppData/Roaming/TinyTeX/texmf-dist/tex/latex/tools/calc.sty
Package: calc 2017/05/25 v4.3 Infix arithmetic (KKT,FJ)
\calc@Acount=\count333
\calc@Bcount=\count334
\calc@Adimen=\dimen292
\calc@Bdimen=\dimen293
\calc@Askip=\skip64
\calc@Bskip=\skip65
LaTeX Info: Redefining \setlength on input line 80.
LaTeX Info: Redefining \addtolength on input line 81.
\calc@Ccount=\count335
\calc@Cskip=\skip66
)
\pgf@logicalpages=\count336
\pgf@firstshipout=\count337
\pgf@lastshipout=\count338
\pgf@currentshipout=\count339
\pgf@cpn=\count340
\pgf@shipoutnextto=\count341
\pgfphysicalheight=\dimen294
\pgfphysicalwidth=\dimen295
\pgfpages@shipoutbox=\box75
) (c:/Users/balglave/AppData/Roaming/TinyTeX/texmf-dist/tex/latex/lm/lmodern.st
y
Package: lmodern 2015/05/01 v1.6.1 Latin Modern Fonts
LaTeX Font Info:    Overwriting symbol font `operators' in version `normal'
(Font)                  OT1/cmr/m/n --> OT1/lmr/m/n on input line 22.
LaTeX Font Info:    Overwriting symbol font `letters' in version `normal'
(Font)                  OML/cmm/m/it --> OML/lmm/m/it on input line 23.
LaTeX Font Info:    Overwriting symbol font `symbols' in version `normal'
(Font)                  OMS/cmsy/m/n --> OMS/lmsy/m/n on input line 24.
LaTeX Font Info:    Overwriting symbol font `largesymbols' in version `normal'
(Font)                  OMX/cmex/m/n --> OMX/lmex/m/n on input line 25.
LaTeX Font Info:    Overwriting symbol font `operators' in version `bold'
(Font)                  OT1/cmr/bx/n --> OT1/lmr/bx/n on input line 26.
LaTeX Font Info:    Overwriting symbol font `letters' in version `bold'
(Font)                  OML/cmm/b/it --> OML/lmm/b/it on input line 27.
LaTeX Font Info:    Overwriting symbol font `symbols' in version `bold'
(Font)                  OMS/cmsy/b/n --> OMS/lmsy/b/n on input line 28.
LaTeX Font Info:    Overwriting symbol font `largesymbols' in version `bold'
(Font)                  OMX/cmex/m/n --> OMX/lmex/m/n on input line 29.
LaTeX Font Info:    Overwriting math alphabet `\mathbf' in version `normal'
(Font)                  OT1/cmr/bx/n --> OT1/lmr/bx/n on input line 31.
LaTeX Font Info:    Overwriting math alphabet `\mathsf' in version `normal'
(Font)                  OT1/cmss/m/n --> OT1/lmss/m/n on input line 32.
LaTeX Font Info:    Overwriting math alphabet `\mathit' in version `normal'
(Font)                  OT1/cmr/m/it --> OT1/lmr/m/it on input line 33.
LaTeX Font Info:    Overwriting math alphabet `\mathtt' in version `normal'
(Font)                  OT1/cmtt/m/n --> OT1/lmtt/m/n on input line 34.
LaTeX Font Info:    Overwriting math alphabet `\mathbf' in version `bold'
(Font)                  OT1/cmr/bx/n --> OT1/lmr/bx/n on input line 35.
LaTeX Font Info:    Overwriting math alphabet `\mathsf' in version `bold'
(Font)                  OT1/cmss/bx/n --> OT1/lmss/bx/n on input line 36.
LaTeX Font Info:    Overwriting math alphabet `\mathit' in version `bold'
(Font)                  OT1/cmr/bx/it --> OT1/lmr/bx/it on input line 37.
LaTeX Font Info:    Overwriting math alphabet `\mathtt' in version `bold'
(Font)                  OT1/cmtt/m/n --> OT1/lmtt/m/n on input line 38.
)
(c:/Users/balglave/AppData/Roaming/TinyTeX/texmf-dist/tex/generic/iftex/ifxetex
.sty
Package: ifxetex 2019/10/25 v0.7 ifxetex legacy package. Use iftex instead.
)
(c:/Users/balglave/AppData/Roaming/TinyTeX/texmf-dist/tex/generic/iftex/ifluate
x.sty
Package: ifluatex 2019/10/25 v1.5 ifluatex legacy package. Use iftex instead.
)
(c:/Users/balglave/AppData/Roaming/TinyTeX/texmf-dist/tex/latex/base/fontenc.st
y
Package: fontenc 2021/04/29 v2.0v Standard LaTeX package
LaTeX Font Info:    Trying to load font information for T1+lmss on input line 1
12.
(c:/Users/balglave/AppData/Roaming/TinyTeX/texmf-dist/tex/latex/lm/t1lmss.fd
File: t1lmss.fd 2015/05/01 v1.6.1 Font defs for Latin Modern
))
(c:/Users/balglave/AppData/Roaming/TinyTeX/texmf-dist/tex/latex/base/inputenc.s
ty
Package: inputenc 2021/02/14 v1.3d Input encoding file
\inpenc@prehook=\toks45
\inpenc@posthook=\toks46
)
(c:/Users/balglave/AppData/Roaming/TinyTeX/texmf-dist/tex/latex/base/textcomp.s
ty
Package: textcomp 2020/02/02 v2.0n Standard LaTeX package
)
(c:/Users/balglave/AppData/Roaming/TinyTeX/texmf-dist/tex/latex/beamer/beamerth
emeDarmstadt.sty
(c:/Users/balglave/AppData/Roaming/TinyTeX/texmf-dist/tex/latex/beamer/beamerou
terthemesmoothbars.sty)
(c:/Users/balglave/AppData/Roaming/TinyTeX/texmf-dist/tex/latex/beamer/beamerin
nerthemerounded.sty)
(c:/Users/balglave/AppData/Roaming/TinyTeX/texmf-dist/tex/latex/beamer/beamerco
lorthemeorchid.sty)
(c:/Users/balglave/AppData/Roaming/TinyTeX/texmf-dist/tex/latex/beamer/beamerco
lorthemewhale.sty))
(c:/Users/balglave/AppData/Roaming/TinyTeX/texmf-dist/tex/latex/upquote/upquote
.sty
Package: upquote 2012/04/19 v1.3 upright-quote and grave-accent glyphs in verba
tim
)
(c:/Users/balglave/AppData/Roaming/TinyTeX/texmf-dist/tex/latex/microtype/micro
type.sty
Package: microtype 2022/03/14 v3.0d Micro-typographical refinements (RS)
\MT@toks=\toks47
\MT@tempbox=\box76
\MT@count=\count342
LaTeX Info: Redefining \noprotrusionifhmode on input line 1027.
LaTeX Info: Redefining \leftprotrusion on input line 1028.
LaTeX Info: Redefining \rightprotrusion on input line 1036.
LaTeX Info: Redefining \textls on input line 1195.
\MT@outer@kern=\dimen296
LaTeX Info: Redefining \textmicrotypecontext on input line 1781.
\MT@listname@count=\count343

(c:/Users/balglave/AppData/Roaming/TinyTeX/texmf-dist/tex/latex/microtype/micro
type-pdftex.def
File: microtype-pdftex.def 2022/03/14 v3.0d Definitions specific to pdftex (RS)

LaTeX Info: Redefining \lsstyle on input line 900.
LaTeX Info: Redefining \lslig on input line 900.
\MT@outer@space=\skip67
)
Package microtype Info: Loading configuration file microtype.cfg.

(c:/Users/balglave/AppData/Roaming/TinyTeX/texmf-dist/tex/latex/microtype/micro
type.cfg
File: microtype.cfg 2022/03/14 v3.0d microtype main configuration file (RS)
))
(c:/Users/balglave/AppData/Roaming/TinyTeX/texmf-dist/tex/latex/graphics/rotati
ng.sty
Package: rotating 2016/08/11 v2.16d rotated objects in LaTeX

(c:/Users/balglave/AppData/Roaming/TinyTeX/texmf-dist/tex/latex/base/ifthen.sty
Package: ifthen 2020/11/24 v1.1c Standard LaTeX ifthen package (DPC)
)
\c@r@tfl@t=\count344
\rotFPtop=\skip68
\rotFPbot=\skip69
\rot@float@box=\box77
\rot@mess@toks=\toks48
)
(c:/Users/balglave/AppData/Roaming/TinyTeX/texmf-dist/tex/latex/caption/caption
.sty
Package: caption 2022/03/01 v3.6b Customizing captions (AR)

(c:/Users/balglave/AppData/Roaming/TinyTeX/texmf-dist/tex/latex/caption/caption
3.sty
Package: caption3 2022/03/17 v2.3b caption3 kernel (AR)
\caption@tempdima=\dimen297
\captionmargin=\dimen298
\caption@leftmargin=\dimen299
\caption@rightmargin=\dimen300
\caption@width=\dimen301
\caption@indent=\dimen302
\caption@parindent=\dimen303
\caption@hangindent=\dimen304
Package caption Info: beamer document class detected.

(c:/Users/balglave/AppData/Roaming/TinyTeX/texmf-dist/tex/latex/caption/caption
-beamer.sto
File: caption-beamer.sto 2022/01/06 v2.0c Adaption of the caption package to th
e beamer document classes (AR)
))
\c@caption@flags=\count345
\c@continuedfloat=\count346
Package caption Info: hyperref package is loaded.
Package caption Info: Hyperref support is turned off
(caption)             because hyperref has stopped early.
Package caption Info: rotating package is loaded.
)
(c:/Users/balglave/AppData/Roaming/TinyTeX/texmf-dist/tex/generic/ulem/ulem.sty
\UL@box=\box78
\UL@hyphenbox=\box79
\UL@skip=\skip70
\UL@hook=\toks49
\UL@height=\dimen305
\UL@pe=\count347
\UL@pixel=\dimen306
\ULC@box=\box80
Package: ulem 2019/11/18
\ULdepth=\dimen307
)
(c:/Users/balglave/AppData/Roaming/TinyTeX/texmf-dist/tex/latex/wasysym/wasysym
.sty
Package: wasysym 2020/01/19 v2.4 Wasy-2 symbol support package
\symwasy=\mathgroup6
LaTeX Font Info:    Overwriting symbol font `wasy' in version `bold'
(Font)                  U/wasy/m/n --> U/wasy/b/n on input line 93.
)
(c:/Users/balglave/AppData/Roaming/TinyTeX/texmf-dist/tex/generic/babel/babel.s
ty
Package: babel 2022/02/26 3.73 The Babel package
\babel@savecnt=\count348
\U@D=\dimen308
\l@unhyphenated=\language4

(c:/Users/balglave/AppData/Roaming/TinyTeX/texmf-dist/tex/generic/babel/txtbabe
l.def)
\bbl@readstream=\read3
LaTeX Info: Redefining \textlatin on input line 3969.
\bbl@dirlevel=\count349

(c:/Users/balglave/AppData/Roaming/TinyTeX/texmf-dist/tex/generic/babel-english
/english.ldf
Language: english 2017/06/06 v3.3r English support from the babel system
Package babel Info: Hyphen rules for 'british' set to \l@english
(babel)             (\language0). Reported on input line 82.
Package babel Info: Hyphen rules for 'UKenglish' set to \l@english
(babel)             (\language0). Reported on input line 83.
Package babel Info: Hyphen rules for 'canadian' set to \l@english
(babel)             (\language0). Reported on input line 102.
Package babel Info: Hyphen rules for 'australian' set to \l@english
(babel)             (\language0). Reported on input line 105.
Package babel Info: Hyphen rules for 'newzealand' set to \l@english
(babel)             (\language0). Reported on input line 108.
))
(c:/Users/balglave/AppData/Roaming/TinyTeX/texmf-dist/tex/latex/psnfss/pifont.s
ty
Package: pifont 2020/03/25 PSNFSS-v9.3 Pi font support (SPQR) 
LaTeX Font Info:    Trying to load font information for U+pzd on input line 63.

(c:/Users/balglave/AppData/Roaming/TinyTeX/texmf-dist/tex/latex/psnfss/upzd.fd
File: upzd.fd 2001/06/04 font definitions for U/pzd.
)
LaTeX Font Info:    Trying to load font information for U+psy on input line 64.

(c:/Users/balglave/AppData/Roaming/TinyTeX/texmf-dist/tex/latex/psnfss/upsy.fd
File: upsy.fd 2001/06/04 font definitions for U/psy.
))
(c:/Users/balglave/AppData/Roaming/TinyTeX/texmf-dist/tex/latex/dashrule/dashru
le.sty
Package: dashrule 2013/03/28 v1.3 Dashed rules

(c:/Users/balglave/AppData/Roaming/TinyTeX/texmf-dist/tex/latex/ifmtarg/ifmtarg
.sty
Package: ifmtarg 2018/04/16 v1.2b check for an empty argument
)
\c@hdr@segments=\count350
)
(c:/Users/balglave/AppData/Roaming/TinyTeX/texmf-dist/tex/latex/setspace/setspa
ce.sty
Package: setspace 2011/12/19 v6.7a set line spacing
)
(c:/Users/balglave/AppData/Roaming/TinyTeX/texmf-dist/tex/latex/tools/array.sty
Package: array 2021/10/04 v2.5f Tabular extension package (FMi)
\col@sep=\dimen309
\ar@mcellbox=\box81
\extrarowheight=\dimen310
\NC@list=\toks50
\extratabsurround=\skip71
\backup@length=\skip72
\ar@cellbox=\box82
)
(c:/Users/balglave/AppData/Roaming/TinyTeX/texmf-dist/tex/latex/biblatex/biblat
ex.sty
Package: biblatex 2022/02/02 v3.17 programmable bibliographies (PK/MW)

(c:/Users/balglave/AppData/Roaming/TinyTeX/texmf-dist/tex/latex/logreq/logreq.s
ty
Package: logreq 2010/08/04 v1.0 xml request logger
\lrq@indent=\count351

(c:/Users/balglave/AppData/Roaming/TinyTeX/texmf-dist/tex/latex/logreq/logreq.d
ef
File: logreq.def 2010/08/04 v1.0 logreq spec v1.0
))
\c@tabx@nest=\count352
\c@listtotal=\count353
\c@listcount=\count354
\c@liststart=\count355
\c@liststop=\count356
\c@citecount=\count357
\c@citetotal=\count358
\c@multicitecount=\count359
\c@multicitetotal=\count360
\c@instcount=\count361
\c@maxnames=\count362
\c@minnames=\count363
\c@maxitems=\count364
\c@minitems=\count365
\c@citecounter=\count366
\c@maxcitecounter=\count367
\c@savedcitecounter=\count368
\c@uniquelist=\count369
\c@uniquename=\count370
\c@refsection=\count371
\c@refsegment=\count372
\c@maxextratitle=\count373
\c@maxextratitleyear=\count374
\c@maxextraname=\count375
\c@maxextradate=\count376
\c@maxextraalpha=\count377
\c@abbrvpenalty=\count378
\c@highnamepenalty=\count379
\c@lownamepenalty=\count380
\c@maxparens=\count381
\c@parenlevel=\count382
\blx@tempcnta=\count383
\blx@tempcntb=\count384
\blx@tempcntc=\count385
\c@blx@maxsection=\count386
\c@blx@maxsegment@0=\count387
\blx@notetype=\count388
\blx@parenlevel@text=\count389
\blx@parenlevel@foot=\count390
\c@blx@sectionciteorder@0=\count391
\blx@entrysetcounter=\count392
\blx@biblioinstance=\count393
\labelnumberwidth=\skip73
\labelalphawidth=\skip74
\biblabelsep=\skip75
\bibitemsep=\skip76
\bibnamesep=\skip77
\bibinitsep=\skip78
\bibparsep=\skip79
\bibhang=\skip80
\blx@bcfin=\read4
\blx@bcfout=\write5
\blx@langwohyphens=\language5
\c@mincomprange=\count394
\c@maxcomprange=\count395
\c@mincompwidth=\count396
Package biblatex Info: Trying to load biblatex default data model...
Package biblatex Info: ... file 'blx-dm.def' found.

(c:/Users/balglave/AppData/Roaming/TinyTeX/texmf-dist/tex/latex/biblatex/blx-dm
.def
File: blx-dm.def 2022/02/02 v3.17 biblatex localization (PK/MW)
)
Package biblatex Info: Trying to load biblatex style data model...
Package biblatex Info: ... file 'authoryear.dbx' not found.
Package biblatex Info: Trying to load biblatex custom data model...
Package biblatex Info: ... file 'biblatex-dm.cfg' not found.
\c@afterword=\count397
\c@savedafterword=\count398
\c@annotator=\count399
\c@savedannotator=\count400
\c@author=\count401
\c@savedauthor=\count402
\c@bookauthor=\count403
\c@savedbookauthor=\count404
\c@commentator=\count405
\c@savedcommentator=\count406
\c@editor=\count407
\c@savededitor=\count408
\c@editora=\count409
\c@savededitora=\count410
\c@editorb=\count411
\c@savededitorb=\count412
\c@editorc=\count413
\c@savededitorc=\count414
\c@foreword=\count415
\c@savedforeword=\count416
\c@holder=\count417
\c@savedholder=\count418
\c@introduction=\count419
\c@savedintroduction=\count420
\c@namea=\count421
\c@savednamea=\count422
\c@nameb=\count423
\c@savednameb=\count424
\c@namec=\count425
\c@savednamec=\count426
\c@translator=\count427
\c@savedtranslator=\count428
\c@shortauthor=\count429
\c@savedshortauthor=\count430
\c@shorteditor=\count431
\c@savedshorteditor=\count432
\c@labelname=\count433
\c@savedlabelname=\count434
\c@institution=\count435
\c@savedinstitution=\count436
\c@lista=\count437
\c@savedlista=\count438
\c@listb=\count439
\c@savedlistb=\count440
\c@listc=\count441
\c@savedlistc=\count442
\c@listd=\count443
\c@savedlistd=\count444
\c@liste=\count445
\c@savedliste=\count446
\c@listf=\count447
\c@savedlistf=\count448
\c@location=\count449
\c@savedlocation=\count450
\c@organization=\count451
\c@savedorganization=\count452
\c@origlocation=\count453
\c@savedoriglocation=\count454
\c@origpublisher=\count455
\c@savedorigpublisher=\count456
\c@publisher=\count457
\c@savedpublisher=\count458
\c@language=\count459
\c@savedlanguage=\count460
\c@origlanguage=\count461
\c@savedoriglanguage=\count462
\c@pageref=\count463
\c@savedpageref=\count464
\shorthandwidth=\skip81
\shortjournalwidth=\skip82
\shortserieswidth=\skip83
\shorttitlewidth=\skip84
\shortauthorwidth=\skip85
\shorteditorwidth=\skip86
\locallabelnumberwidth=\skip87
\locallabelalphawidth=\skip88
\localshorthandwidth=\skip89
\localshortjournalwidth=\skip90
\localshortserieswidth=\skip91
\localshorttitlewidth=\skip92
\localshortauthorwidth=\skip93
\localshorteditorwidth=\skip94
Package biblatex Info: Trying to load compatibility code...
Package biblatex Info: ... file 'blx-compat.def' found.

(c:/Users/balglave/AppData/Roaming/TinyTeX/texmf-dist/tex/latex/biblatex/blx-co
mpat.def
File: blx-compat.def 2022/02/02 v3.17 biblatex compatibility (PK/MW)
)
Package biblatex Info: Trying to load generic definitions...
Package biblatex Info: ... file 'biblatex.def' found.

(c:/Users/balglave/AppData/Roaming/TinyTeX/texmf-dist/tex/latex/biblatex/biblat
ex.def
File: biblatex.def 2022/02/02 v3.17 biblatex compatibility (PK/MW)
\c@textcitecount=\count465
\c@textcitetotal=\count466
\c@textcitemaxnames=\count467
\c@biburlbigbreakpenalty=\count468
\c@biburlbreakpenalty=\count469
\c@biburlnumpenalty=\count470
\c@biburlucpenalty=\count471
\c@biburllcpenalty=\count472
\biburlbigskip=\muskip18
\biburlnumskip=\muskip19
\biburlucskip=\muskip20
\biburllcskip=\muskip21
\c@smartand=\count473
)
Package biblatex Info: Trying to load bibliography style 'authoryear'...
Package biblatex Info: ... file 'authoryear.bbx' found.

(c:/Users/balglave/AppData/Roaming/TinyTeX/texmf-dist/tex/latex/biblatex/bbx/au
thoryear.bbx
File: authoryear.bbx 2022/02/02 v3.17 biblatex bibliography style (PK/MW)
Package biblatex Info: Trying to load bibliography style 'standard'...
Package biblatex Info: ... file 'standard.bbx' found.

(c:/Users/balglave/AppData/Roaming/TinyTeX/texmf-dist/tex/latex/biblatex/bbx/st
andard.bbx
File: standard.bbx 2022/02/02 v3.17 biblatex bibliography style (PK/MW)
\c@bbx:relatedcount=\count474
\c@bbx:relatedtotal=\count475
))
Package biblatex Info: Trying to load citation style 'authoryear'...
Package biblatex Info: ... file 'authoryear.cbx' found.

(c:/Users/balglave/AppData/Roaming/TinyTeX/texmf-dist/tex/latex/biblatex/cbx/au
thoryear.cbx
File: authoryear.cbx 2022/02/02 v3.17 biblatex citation style (PK/MW)
Package biblatex Info: Redefining '\cite'.
Package biblatex Info: Redefining '\parencite'.
Package biblatex Info: Redefining '\footcite'.
Package biblatex Info: Redefining '\footcitetext'.
Package biblatex Info: Redefining '\smartcite'.
Package biblatex Info: Redefining '\textcite'.
Package biblatex Info: Redefining '\textcites'.
)
Package biblatex Info: Trying to load configuration file...
Package biblatex Info: ... file 'biblatex.cfg' found.

(c:/Users/balglave/AppData/Roaming/TinyTeX/texmf-dist/tex/latex/biblatex/biblat
ex.cfg
File: biblatex.cfg 
)
Package biblatex Info: Input encoding 'utf8' detected.
Package biblatex Info: Document encoding is UTF8 ....

(c:/Users/balglave/AppData/Roaming/TinyTeX/texmf-dist/tex/latex/l3kernel/expl3.
sty
Package: expl3 2022-02-24 L3 programming layer (loader) 

(c:/Users/balglave/AppData/Roaming/TinyTeX/texmf-dist/tex/latex/l3backend/l3bac
kend-pdftex.def
File: l3backend-pdftex.def 2022-02-07 L3 backend support: PDF output (pdfTeX)
\l__color_backend_stack_int=\count476
\l__pdf_internal_box=\box83
))
Package biblatex Info: ... and expl3
(biblatex)             2022-02-24 L3 programming layer (loader) 
(biblatex)             is new enough (at least 2020/04/06),
(biblatex)             setting 'casechanger=expl3'.

(c:/Users/balglave/AppData/Roaming/TinyTeX/texmf-dist/tex/latex/biblatex/blx-ca
se-expl3.sty
(c:/Users/balglave/AppData/Roaming/TinyTeX/texmf-dist/tex/latex/l3packages/xpar
se/xparse.sty
Package: xparse 2022-01-12 L3 Experimental document command parser
)
Package: blx-case-expl3 2022/02/02 v3.17 expl3 case changing code for biblatex
))
\logoA=\box84
\logoB=\box85
\logoC=\box86
<images/logo_ifremer.jpg, id=10, 284.56313pt x 284.56313pt>
File: images/logo_ifremer.jpg Graphic file (type jpg)
<use images/logo_ifremer.jpg>
Package pdftex.def Info: images/logo_ifremer.jpg  used on input line 125.
(pdftex.def)             Requested size: 85.35826pt x 85.35657pt.
<images/UMR_DECOD.jpg, id=11, 722.7pt x 406.51875pt>
File: images/UMR_DECOD.jpg Graphic file (type jpg)
<use images/UMR_DECOD.jpg>
Package pdftex.def Info: images/UMR_DECOD.jpg  used on input line 126.
(pdftex.def)             Requested size: 85.35826pt x 48.01097pt.
<images/logo_institut_agro.png, id=12, 72.27pt x 29.8716pt>
File: images/logo_institut_agro.png Graphic file (type png)
<use images/logo_institut_agro.png>
Package pdftex.def Info: images/logo_institut_agro.png  used on input line 127.

(pdftex.def)             Requested size: 85.35826pt x 35.28325pt.

Package biblatex Warning: 'babel/polyglossia' detected but 'csquotes' missing.
(biblatex)                Loading 'csquotes' recommended.

\@quotelevel=\count477
\@quotereset=\count478
(./GDREcostat_2022.aux)
\openout1 = `GDREcostat_2022.aux'.

LaTeX Font Info:    Checking defaults for OML/cmm/m/it on input line 209.
LaTeX Font Info:    ... okay on input line 209.
LaTeX Font Info:    Checking defaults for OMS/cmsy/m/n on input line 209.
LaTeX Font Info:    ... okay on input line 209.
LaTeX Font Info:    Checking defaults for OT1/cmr/m/n on input line 209.
LaTeX Font Info:    ... okay on input line 209.
LaTeX Font Info:    Checking defaults for T1/cmr/m/n on input line 209.
LaTeX Font Info:    ... okay on input line 209.
LaTeX Font Info:    Checking defaults for TS1/cmr/m/n on input line 209.
LaTeX Font Info:    ... okay on input line 209.
LaTeX Font Info:    Checking defaults for OMX/cmex/m/n on input line 209.
LaTeX Font Info:    ... okay on input line 209.
LaTeX Font Info:    Checking defaults for U/cmr/m/n on input line 209.
LaTeX Font Info:    ... okay on input line 209.
LaTeX Font Info:    Checking defaults for PD1/pdf/m/n on input line 209.
LaTeX Font Info:    ... okay on input line 209.
LaTeX Font Info:    Checking defaults for PU/pdf/m/n on input line 209.
LaTeX Font Info:    ... okay on input line 209.
*geometry* driver: auto-detecting
*geometry* detected driver: pdftex
*geometry* verbose mode - [ preamble ] result:
* driver: pdftex
* paper: custom
* layout: <same size as paper>
* layoutoffset:(h,v)=(0.0pt,0.0pt)
* modes: includehead includefoot 
* h-part:(L,W,R)=(28.45274pt, 307.28987pt, 28.45274pt)
* v-part:(T,H,B)=(0.0pt, 273.14662pt, 0.0pt)
* \paperwidth=364.19536pt
* \paperheight=273.14662pt
* \textwidth=307.28987pt
* \textheight=244.6939pt
* \oddsidemargin=-43.81725pt
* \evensidemargin=-43.81725pt
* \topmargin=-72.26999pt
* \headheight=14.22636pt
* \headsep=0.0pt
* \topskip=10.0pt
* \footskip=14.22636pt
* \marginparwidth=3.0pt
* \marginparsep=11.0pt
* \columnsep=10.0pt
* \skip\footins=9.0pt plus 4.0pt minus 2.0pt
* \hoffset=0.0pt
* \voffset=0.0pt
* \mag=1000
* \@twocolumnfalse
* \@twosidefalse
* \@mparswitchfalse
* \@reversemarginfalse
* (1in=72.27pt=25.4mm, 1cm=28.453pt)


(c:/Users/balglave/AppData/Roaming/TinyTeX/texmf-dist/tex/latex/epstopdf-pkg/ep
stopdf-base.sty
Package: epstopdf-base 2020-01-24 v2.11 Base part for package epstopdf
Package epstopdf-base Info: Redefining graphics rule for `.eps' on input line 4
85.

(c:/Users/balglave/AppData/Roaming/TinyTeX/texmf-dist/tex/latex/latexconfig/eps
topdf-sys.cfg
File: epstopdf-sys.cfg 2010/07/13 v1.3 Configuration of (r)epstopdf for TeX Liv
e
))
Package hyperref Info: Link coloring OFF on input line 209.

(c:/Users/balglave/AppData/Roaming/TinyTeX/texmf-dist/tex/latex/hyperref/namere
f.sty
Package: nameref 2021-04-02 v2.47 Cross-referencing by name of section

(c:/Users/balglave/AppData/Roaming/TinyTeX/texmf-dist/tex/latex/refcount/refcou
nt.sty
Package: refcount 2019/12/15 v3.6 Data extraction from label references (HO)
)
(c:/Users/balglave/AppData/Roaming/TinyTeX/texmf-dist/tex/generic/gettitlestrin
g/gettitlestring.sty
Package: gettitlestring 2019/12/15 v1.6 Cleanup title references (HO)
)
\c@section@level=\count479
)
LaTeX Info: Redefining \ref on input line 209.
LaTeX Info: Redefining \pageref on input line 209.
LaTeX Info: Redefining \nameref on input line 209.
(./GDREcostat_2022.out) (./GDREcostat_2022.out)
\@outlinefile=\write6
\openout6 = `GDREcostat_2022.out'.

LaTeX Font Info:    Overwriting symbol font `operators' in version `normal'
(Font)                  OT1/lmr/m/n --> OT1/cmss/m/n on input line 209.
LaTeX Font Info:    Overwriting symbol font `operators' in version `bold'
(Font)                  OT1/lmr/bx/n --> OT1/cmss/b/n on input line 209.
LaTeX Font Info:    Overwriting symbol font `operators' in version `normal'
(Font)                  OT1/cmss/m/n --> OT1/lmss/m/n on input line 209.
LaTeX Font Info:    Overwriting symbol font `operators' in version `bold'
(Font)                  OT1/cmss/b/n --> OT1/lmss/b/n on input line 209.
\symnumbers=\mathgroup7
\sympureletters=\mathgroup8
LaTeX Font Info:    Overwriting math alphabet `\mathrm' in version `normal'
(Font)                  OT1/lmss/m/n --> T1/lmr/m/n on input line 209.
LaTeX Font Info:    Redeclaring math alphabet \mathbf on input line 209.
LaTeX Font Info:    Overwriting math alphabet `\mathbf' in version `normal'
(Font)                  OT1/lmr/bx/n --> T1/lmss/b/n on input line 209.
LaTeX Font Info:    Overwriting math alphabet `\mathbf' in version `bold'
(Font)                  OT1/lmr/bx/n --> T1/lmss/b/n on input line 209.
LaTeX Font Info:    Redeclaring math alphabet \mathsf on input line 209.
LaTeX Font Info:    Overwriting math alphabet `\mathsf' in version `normal'
(Font)                  OT1/lmss/m/n --> T1/lmss/m/n on input line 209.
LaTeX Font Info:    Overwriting math alphabet `\mathsf' in version `bold'
(Font)                  OT1/lmss/bx/n --> T1/lmss/m/n on input line 209.
LaTeX Font Info:    Redeclaring math alphabet \mathit on input line 209.
LaTeX Font Info:    Overwriting math alphabet `\mathit' in version `normal'
(Font)                  OT1/lmr/m/it --> T1/lmss/m/it on input line 209.
LaTeX Font Info:    Overwriting math alphabet `\mathit' in version `bold'
(Font)                  OT1/lmr/bx/it --> T1/lmss/m/it on input line 209.
LaTeX Font Info:    Redeclaring math alphabet \mathtt on input line 209.
LaTeX Font Info:    Overwriting math alphabet `\mathtt' in version `normal'
(Font)                  OT1/lmtt/m/n --> T1/lmtt/m/n on input line 209.
LaTeX Font Info:    Overwriting math alphabet `\mathtt' in version `bold'
(Font)                  OT1/lmtt/m/n --> T1/lmtt/m/n on input line 209.
LaTeX Font Info:    Overwriting symbol font `numbers' in version `bold'
(Font)                  T1/lmss/m/n --> T1/lmss/b/n on input line 209.
LaTeX Font Info:    Overwriting symbol font `pureletters' in version `bold'
(Font)                  T1/lmss/m/it --> T1/lmss/b/it on input line 209.
LaTeX Font Info:    Overwriting math alphabet `\mathrm' in version `bold'
(Font)                  OT1/lmss/b/n --> T1/lmr/b/n on input line 209.
LaTeX Font Info:    Overwriting math alphabet `\mathbf' in version `bold'
(Font)                  T1/lmss/b/n --> T1/lmss/b/n on input line 209.
LaTeX Font Info:    Overwriting math alphabet `\mathsf' in version `bold'
(Font)                  T1/lmss/m/n --> T1/lmss/b/n on input line 209.
LaTeX Font Info:    Overwriting math alphabet `\mathit' in version `bold'
(Font)                  T1/lmss/m/it --> T1/lmss/b/it on input line 209.
LaTeX Font Info:    Overwriting math alphabet `\mathtt' in version `bold'
(Font)                  T1/lmtt/m/n --> T1/lmtt/b/n on input line 209.

(c:/Users/balglave/AppData/Roaming/TinyTeX/texmf-dist/tex/latex/translator/tran
slator-basic-dictionary-English.dict
Dictionary: translator-basic-dictionary, Language: English 
)
(c:/Users/balglave/AppData/Roaming/TinyTeX/texmf-dist/tex/latex/translator/tran
slator-bibliography-dictionary-English.dict
Dictionary: translator-bibliography-dictionary, Language: English 
)
(c:/Users/balglave/AppData/Roaming/TinyTeX/texmf-dist/tex/latex/translator/tran
slator-environment-dictionary-English.dict
Dictionary: translator-environment-dictionary, Language: English 
)
(c:/Users/balglave/AppData/Roaming/TinyTeX/texmf-dist/tex/latex/translator/tran
slator-months-dictionary-English.dict
Dictionary: translator-months-dictionary, Language: English 
)
(c:/Users/balglave/AppData/Roaming/TinyTeX/texmf-dist/tex/latex/translator/tran
slator-numbers-dictionary-English.dict
Dictionary: translator-numbers-dictionary, Language: English 
)
(c:/Users/balglave/AppData/Roaming/TinyTeX/texmf-dist/tex/latex/translator/tran
slator-theorem-dictionary-English.dict
Dictionary: translator-theorem-dictionary, Language: English 
)
LaTeX Info: Redefining \microtypecontext on input line 209.
Package microtype Info: Applying patch `item' on input line 209.
Package microtype Info: Applying patch `toc' on input line 209.
Package microtype Info: Applying patch `eqnum' on input line 209.

Package microtype Warning: Unable to apply patch `footnote' on input line 209.

Package microtype Info: Generating PDF output.
Package microtype Info: Character protrusion enabled (level 2).
Package microtype Info: Using protrusion set `basicmath'.
Package microtype Info: Automatic font expansion enabled (level 2),
(microtype)             stretch: 20, shrink: 20, step: 1, non-selected.
Package microtype Info: Using default expansion set `alltext-nott'.
LaTeX Info: Redefining \showhyphens on input line 209.
Package microtype Info: No adjustment of tracking.
Package microtype Info: No adjustment of interword spacing.
Package microtype Info: No adjustment of character kerning.
Package microtype Info: Loading generic protrusion settings for font family
(microtype)             `lmss' (encoding: T1).
(microtype)             For optimal results, create family-specific settings.
(microtype)             See the microtype manual for details.
Package caption Info: Begin \AtBeginDocument code.
Package caption Info: End \AtBeginDocument code.
Package biblatex Info: Trying to load language 'english'...
Package biblatex Info: ... file 'english.lbx' found.

(c:/Users/balglave/AppData/Roaming/TinyTeX/texmf-dist/tex/latex/biblatex/lbx/en
glish.lbx
File: english.lbx 2022/02/02 v3.17 biblatex localization (PK/MW)
)
Package biblatex Info: Input encoding 'utf8' detected.
Package biblatex Info: Automatic encoding selection.
(biblatex)             Assuming data encoding 'utf8'.
\openout5 = `GDREcostat_2022.bcf'.

Package biblatex Info: Trying to load bibliographic data...
Package biblatex Info: ... file 'GDREcostat_2022.bbl' not found.
No file GDREcostat_2022.bbl.
Package biblatex Info: Reference section=0 on input line 209.
Package biblatex Info: Reference segment=0 on input line 209.
(./GDREcostat_2022.nav)
Overfull \vbox (15.15303pt too high) detected at line 210
 []

[1{c:/Users/balglave/AppData/Roaming/TinyTeX/texmf-var/fonts/map/pdftex/updmap/
pdftex.map}

 <./images/logo_ifremer.jpg> <./images/logo_institut_agro.png> <./images/UMR_DE
COD.jpg>]
LaTeX Font Info:    Trying to load font information for OT1+lmss on input line 
308.
(c:/Users/balglave/AppData/Roaming/TinyTeX/texmf-dist/tex/latex/lm/ot1lmss.fd
File: ot1lmss.fd 2015/05/01 v1.6.1 Font defs for Latin Modern
)
Package microtype Info: Loading generic protrusion settings for font family
(microtype)             `lmss' (encoding: OT1).
(microtype)             For optimal results, create family-specific settings.
(microtype)             See the microtype manual for details.
LaTeX Font Info:    Trying to load font information for OML+lmm on input line 3
08.
(c:/Users/balglave/AppData/Roaming/TinyTeX/texmf-dist/tex/latex/lm/omllmm.fd
File: omllmm.fd 2015/05/01 v1.6.1 Font defs for Latin Modern
)
LaTeX Font Info:    Trying to load font information for OMS+lmsy on input line 
308.
(c:/Users/balglave/AppData/Roaming/TinyTeX/texmf-dist/tex/latex/lm/omslmsy.fd
File: omslmsy.fd 2015/05/01 v1.6.1 Font defs for Latin Modern
)
LaTeX Font Info:    Trying to load font information for OMX+lmex on input line 
308.
(c:/Users/balglave/AppData/Roaming/TinyTeX/texmf-dist/tex/latex/lm/omxlmex.fd
File: omxlmex.fd 2015/05/01 v1.6.1 Font defs for Latin Modern
)
LaTeX Font Info:    External font `lmex10' loaded for size
(Font)              <10> on input line 308.
LaTeX Font Info:    External font `lmex10' loaded for size
(Font)              <7> on input line 308.
LaTeX Font Info:    External font `lmex10' loaded for size
(Font)              <5> on input line 308.
LaTeX Font Info:    Trying to load font information for U+msa on input line 308
.

(c:/Users/balglave/AppData/Roaming/TinyTeX/texmf-dist/tex/latex/amsfonts/umsa.f
d
File: umsa.fd 2013/01/14 v3.01 AMS symbols A
)
(c:/Users/balglave/AppData/Roaming/TinyTeX/texmf-dist/tex/latex/microtype/mt-ms
a.cfg
File: mt-msa.cfg 2006/02/04 v1.1 microtype config. file: AMS symbols (a) (RS)
)
LaTeX Font Info:    Trying to load font information for U+msb on input line 308
.

(c:/Users/balglave/AppData/Roaming/TinyTeX/texmf-dist/tex/latex/amsfonts/umsb.f
d
File: umsb.fd 2013/01/14 v3.01 AMS symbols B
)
(c:/Users/balglave/AppData/Roaming/TinyTeX/texmf-dist/tex/latex/microtype/mt-ms
b.cfg
File: mt-msb.cfg 2005/06/01 v1.0 microtype config. file: AMS symbols (b) (RS)
)
LaTeX Font Info:    Trying to load font information for U+wasy on input line 30
8.

(c:/Users/balglave/AppData/Roaming/TinyTeX/texmf-dist/tex/latex/wasysym/uwasy.f
d
File: uwasy.fd 2020/01/19 v2.4 Wasy-2 symbol font definitions
)
LaTeX Font Info:    Font shape `T1/lmss/m/it' in size <10> not available
(Font)              Font shape `T1/lmss/m/sl' tried instead on input line 308.
LaTeX Font Info:    Font shape `T1/lmss/m/it' in size <7> not available
(Font)              Font shape `T1/lmss/m/sl' tried instead on input line 308.
LaTeX Font Info:    Font shape `T1/lmss/m/it' in size <5> not available
(Font)              Font shape `T1/lmss/m/sl' tried instead on input line 308.

Overfull \hbox (2.84639pt too wide) in paragraph at lines 308--308
 \T1/lmss/bx/n/8 (-20) Examples 
 []

<images/EVHOE_stations.jpg, id=112, 384.6735pt x 484.866pt>
File: images/EVHOE_stations.jpg Graphic file (type jpg)
<use images/EVHOE_stations.jpg>
Package pdftex.def Info: images/EVHOE_stations.jpg  used on input line 308.
(pdftex.def)             Requested size: 56.9055pt x 71.72057pt.
<images/bird_apps.jpg, id=113, 857.2025pt x 481.8pt>
File: images/bird_apps.jpg Graphic file (type jpg)
<use images/bird_apps.jpg>
Package pdftex.def Info: images/bird_apps.jpg  used on input line 308.
(pdftex.def)             Requested size: 85.35826pt x 47.96962pt.
<images/harvest_picture.PNG, id=114, 187.45032pt x 176.15813pt>
File: images/harvest_picture.PNG Graphic file (type png)
<use images/harvest_picture.PNG>
Package pdftex.def Info: images/harvest_picture.PNG  used on input line 308.
(pdftex.def)             Requested size: 71.13188pt x 66.8467pt.
[2

 <./images/EVHOE_stations.jpg> <./images/bird_apps.jpg> <./images/harvest_pictu
re.PNG>]
LaTeX Font Info:    Font shape `T1/lmss/bx/it' in size <7> not available
(Font)              Font shape `T1/lmss/bx/sl' tried instead on input line 331.

[3

] [4

]
<images/logbooks_data.png, id=179, 361.35pt x 361.35pt>
File: images/logbooks_data.png Graphic file (type png)
<use images/logbooks_data.png>
Package pdftex.def Info: images/logbooks_data.png  used on input line 387.
(pdftex.def)             Requested size: 142.26378pt x 142.26578pt.

Overfull \hbox (3.98428pt too wide) in paragraph at lines 387--387
[][]  
 []

<images/vms_data.png, id=180, 361.35pt x 361.35pt>
File: images/vms_data.png Graphic file (type png)
<use images/vms_data.png>
Package pdftex.def Info: images/vms_data.png  used on input line 387.
(pdftex.def)             Requested size: 142.26378pt x 142.26578pt.

Overfull \hbox (3.98428pt too wide) in paragraph at lines 387--387
[][]  
 []

[5

 <./images/logbooks_data.png> <./images/vms_data.png>]pdfTeX warning (ext4): de
stination with the same identifier (name{commercial-catch-declarations-data-in-
fishery-science}) has been already used, duplicate ignored
<to be read again> 
                   \relax 
l.387 \end{frame}
                 
File: images/logbooks_data.png Graphic file (type png)
<use images/logbooks_data.png>
Package pdftex.def Info: images/logbooks_data.png  used on input line 387.
(pdftex.def)             Requested size: 142.26378pt x 142.26578pt.

Overfull \hbox (3.98428pt too wide) in paragraph at lines 387--387
[][]  
 []

File: images/vms_data.png Graphic file (type png)
<use images/vms_data.png>
Package pdftex.def Info: images/vms_data.png  used on input line 387.
(pdftex.def)             Requested size: 142.26378pt x 142.26578pt.

Overfull \hbox (3.98428pt too wide) in paragraph at lines 387--387
[][]  
 []

[6

]
<images/realloc.png, id=221, 942.2402pt x 416.8373pt>
File: images/realloc.png Graphic file (type png)
<use images/realloc.png>
Package pdftex.def Info: images/realloc.png  used on input line 423.
(pdftex.def)             Requested size: 312.9803pt x 138.4599pt.

Overfull \hbox (5.69043pt too wide) in paragraph at lines 423--423
 [] 
 []


Overfull \hbox (13.23767pt too wide) in paragraph at lines 423--423
 [] 
 []


Overfull \hbox (25.23766pt too wide) in paragraph at lines 423--423
 [] 
 []

[7

 <./images/realloc.png>]pdfTeX warning (ext4): destination with the same identi
fier (name{two-alternative-procedures-to-reallocate-catches}) has been already 
used, duplicate ignored
<to be read again> 
                   \relax 
l.423 \end{frame}
                 
File: images/realloc.png Graphic file (type png)
<use images/realloc.png>
Package pdftex.def Info: images/realloc.png  used on input line 423.
(pdftex.def)             Requested size: 312.9803pt x 138.4599pt.

Overfull \hbox (5.69043pt too wide) in paragraph at lines 423--423
 [] 
 []


Overfull \hbox (13.23767pt too wide) in paragraph at lines 423--423
 [] 
 []


Overfull \hbox (25.23766pt too wide) in paragraph at lines 423--423
 [] 
 []

[8

]pdfTeX warning (ext4): destination with the same identifier (name{two-alternat
ive-procedures-to-reallocate-catches}) has been already used, duplicate ignored

<to be read again> 
                   \relax 
l.423 \end{frame}
                 
File: images/realloc.png Graphic file (type png)
<use images/realloc.png>
Package pdftex.def Info: images/realloc.png  used on input line 423.
(pdftex.def)             Requested size: 312.9803pt x 138.4599pt.

Overfull \hbox (5.69043pt too wide) in paragraph at lines 423--423
 [] 
 []


Overfull \hbox (13.23767pt too wide) in paragraph at lines 423--423
 [] 
 []


Overfull \hbox (25.23766pt too wide) in paragraph at lines 423--423
 [] 
 []

[9

]
<images/data_plot.png, id=286, 361.35pt x 361.35pt>
File: images/data_plot.png Graphic file (type png)
<use images/data_plot.png>
Package pdftex.def Info: images/data_plot.png  used on input line 534.
(pdftex.def)             Requested size: 85.35826pt x 85.35835pt.

Overfull \hbox (16.21852pt too wide) in paragraph at lines 534--534
[][]  
 []

LaTeX Font Info:    Font shape `T1/lmss/b/n' in size <7> not available
(Font)              Font shape `T1/lmss/bx/n' tried instead on input line 534.
LaTeX Font Info:    Font shape `T1/lmss/b/n' in size <5> not available
(Font)              Font shape `T1/lmss/bx/n' tried instead on input line 534.
<images/solea_solea.png, id=289, 115.632pt x 53.9616pt>
File: images/solea_solea.png Graphic file (type png)
<use images/solea_solea.png>
Package pdftex.def Info: images/solea_solea.png  used on input line 534.
(pdftex.def)             Requested size: 56.9055pt x 26.55585pt.
LaTeX Font Info:    Font shape `T1/lmss/b/n' in size <10> not available
(Font)              Font shape `T1/lmss/bx/n' tried instead on input line 534.
[10

 <./images/data_plot.png (PNG copy)> <./images/solea_solea.png>]pdfTeX warning 
(ext4): destination with the same identifier (name{simulation-estimation-and-ca
se-study}) has been already used, duplicate ignored
<to be read again> 
                   \relax 
l.534 \end{frame}
                 
File: images/data_plot.png Graphic file (type png)
<use images/data_plot.png>
Package pdftex.def Info: images/data_plot.png  used on input line 534.
(pdftex.def)             Requested size: 85.35826pt x 85.35835pt.

Overfull \hbox (16.21852pt too wide) in paragraph at lines 534--534
[][]  
 []

File: images/solea_solea.png Graphic file (type png)
<use images/solea_solea.png>
Package pdftex.def Info: images/solea_solea.png  used on input line 534.
(pdftex.def)             Requested size: 56.9055pt x 26.55585pt.
[11

]pdfTeX warning (ext4): destination with the same identifier (name{simulation-e
stimation-and-case-study}) has been already used, duplicate ignored
<to be read again> 
                   \relax 
l.534 \end{frame}
                 
File: images/data_plot.png Graphic file (type png)
<use images/data_plot.png>
Package pdftex.def Info: images/data_plot.png  used on input line 534.
(pdftex.def)             Requested size: 85.35826pt x 85.35835pt.

Overfull \hbox (16.21852pt too wide) in paragraph at lines 534--534
[][]  
 []

File: images/solea_solea.png Graphic file (type png)
<use images/solea_solea.png>
Package pdftex.def Info: images/solea_solea.png  used on input line 534.
(pdftex.def)             Requested size: 56.9055pt x 26.55585pt.
[12

]pdfTeX warning (ext4): destination with the same identifier (name{simulation-e
stimation-and-case-study}) has been already used, duplicate ignored
<to be read again> 
                   \relax 
l.534 \end{frame}
                 
File: images/data_plot.png Graphic file (type png)
<use images/data_plot.png>
Package pdftex.def Info: images/data_plot.png  used on input line 534.
(pdftex.def)             Requested size: 85.35826pt x 85.35835pt.

Overfull \hbox (16.21852pt too wide) in paragraph at lines 534--534
[][]  
 []

File: images/solea_solea.png Graphic file (type png)
<use images/solea_solea.png>
Package pdftex.def Info: images/solea_solea.png  used on input line 534.
(pdftex.def)             Requested size: 56.9055pt x 26.55585pt.
[13

]
<images/res_simu_plot.png, id=368, 289.08pt x 542.025pt>
File: images/res_simu_plot.png Graphic file (type png)
<use images/res_simu_plot.png>
Package pdftex.def Info: images/res_simu_plot.png  used on input line 562.
(pdftex.def)             Requested size: 113.81102pt x 213.39038pt.
<images/map_simu_plot.png, id=369, 433.62pt x 542.025pt>
File: images/map_simu_plot.png Graphic file (type png)
<use images/map_simu_plot.png>
Package pdftex.def Info: images/map_simu_plot.png  used on input line 562.
(pdftex.def)             Requested size: 156.49014pt x 195.6168pt.
[14

 <./images/res_simu_plot.png> <./images/map_simu_plot.png (PNG copy)>]
<images/par_plot.png, id=390, 247.6452pt x 309.5565pt>
File: images/par_plot.png Graphic file (type png)
<use images/par_plot.png>
Package pdftex.def Info: images/par_plot.png  used on input line 597.
(pdftex.def)             Requested size: 128.0374pt x 160.04922pt.

Overfull \hbox (5.12334pt too wide) in paragraph at lines 597--597
 [] 
 []

<images/case_study_plot.png, id=391, 433.62pt x 542.025pt>
File: images/case_study_plot.png Graphic file (type png)
<use images/case_study_plot.png>
Package pdftex.def Info: images/case_study_plot.png  used on input line 597.
(pdftex.def)             Requested size: 156.49014pt x 195.6168pt.
[15

 <./images/par_plot.png> <./images/case_study_plot.png (PNG copy)>]pdfTeX warni
ng (ext4): destination with the same identifier (name{case-study-sole-in-the-ba
y-of-biscay}) has been already used, duplicate ignored
<to be read again> 
                   \relax 
l.597 \end{frame}
                 
File: images/par_plot.png Graphic file (type png)
<use images/par_plot.png>
Package pdftex.def Info: images/par_plot.png  used on input line 597.
(pdftex.def)             Requested size: 128.0374pt x 160.04922pt.

Overfull \hbox (5.12334pt too wide) in paragraph at lines 597--597
 [] 
 []

File: images/case_study_plot.png Graphic file (type png)
<use images/case_study_plot.png>
Package pdftex.def Info: images/case_study_plot.png  used on input line 597.
(pdftex.def)             Requested size: 156.49014pt x 195.6168pt.
[16

] [17

]pdfTeX warning (ext4): destination with the same identifier (name{discussion-1
}) has been already used, duplicate ignored
<to be read again> 
                   \relax 
l.650 \end{frame}
                  [18

]pdfTeX warning (ext4): destination with the same identifier (name{discussion-1
}) has been already used, duplicate ignored
<to be read again> 
                   \relax 
l.650 \end{frame}
                  [19

]pdfTeX warning (ext4): destination with the same identifier (name{discussion-1
}) has been already used, duplicate ignored
<to be read again> 
                   \relax 
l.650 \end{frame}
                  [20

]
<images/front_page.png, id=513, 860.30208pt x 450.2421pt>
File: images/front_page.png Graphic file (type png)
<use images/front_page.png>
Package pdftex.def Info: images/front_page.png  used on input line 667.
(pdftex.def)             Requested size: 312.9803pt x 163.79768pt.

Overfull \hbox (5.69043pt too wide) in paragraph at lines 667--667
 [] 
 []

[21

 <./images/front_page.png>]
LaTeX Font Info:    External font `lmex10' loaded for size
(Font)              <8> on input line 712.
LaTeX Font Info:    External font `lmex10' loaded for size
(Font)              <6> on input line 712.
LaTeX Font Info:    Font shape `T1/lmss/b/n' in size <8> not available
(Font)              Font shape `T1/lmss/bx/n' tried instead on input line 712.
LaTeX Font Info:    Font shape `T1/lmss/b/n' in size <6> not available
(Font)              Font shape `T1/lmss/bx/n' tried instead on input line 712.
LaTeX Font Info:    Font shape `T1/lmss/m/it' in size <8> not available
(Font)              Font shape `T1/lmss/m/sl' tried instead on input line 712.
LaTeX Font Info:    Font shape `T1/lmss/m/it' in size <6> not available
(Font)              Font shape `T1/lmss/m/sl' tried instead on input line 712.

Overfull \vbox (0.65086pt too high) detected at line 712
 []

[22

]
\tf@nav=\write7
\openout7 = `GDREcostat_2022.nav'.

\tf@toc=\write8
\openout8 = `GDREcostat_2022.toc'.

\tf@snm=\write9
\openout9 = `GDREcostat_2022.snm'.

(./GDREcostat_2022.aux)
Package rerunfilecheck Info: File `GDREcostat_2022.out' has not changed.
(rerunfilecheck)             Checksum: E2156EAB655213130E58C98DEA372CC7;463.
Package logreq Info: Writing requests to 'GDREcostat_2022.run.xml'.
\openout1 = `GDREcostat_2022.run.xml'.

 ) 
Here is how much of TeX's memory you used:
 33782 strings out of 480216
 671948 string characters out of 5892982
 1362089 words of memory out of 5000000
 50900 multiletter control sequences out of 15000+600000
 570523 words of font info for 154 fonts, out of 8000000 for 9000
 14 hyphenation exceptions out of 8191
 99i,20n,104p,1012b,1728s stack positions out of 5000i,500n,10000p,200000b,80000s
{c:/Users/balglave/AppData/Roaming/TinyTeX/texmf-dist/fonts/enc/dvips/lm/lm-m
athit.enc}{c:/Users/balglave/AppData/Roaming/TinyTeX/texmf-dist/fonts/enc/dvips
/lm/lm-mathsy.enc}{c:/Users/balglave/AppData/Roaming/TinyTeX/texmf-dist/fonts/e
nc/dvips/lm/lm-mathex.enc}{c:/Users/balglave/AppData/Roaming/TinyTeX/texmf-dist
/fonts/enc/dvips/lm/lm-rm.enc}{c:/Users/balglave/AppData/Roaming/TinyTeX/texmf-
dist/fonts/enc/dvips/lm/lm-ec.enc}<c:/Users/balglave/AppData/Roaming/TinyTeX/te
xmf-dist/fonts/type1/public/lm/lmex10.pfb><c:/Users/balglave/AppData/Roaming/Ti
nyTeX/texmf-dist/fonts/type1/public/lm/lmmi6.pfb><c:/Users/balglave/AppData/Roa
ming/TinyTeX/texmf-dist/fonts/type1/public/lm/lmmi7.pfb><c:/Users/balglave/AppD
ata/Roaming/TinyTeX/texmf-dist/fonts/type1/public/lm/lmmi8.pfb><c:/Users/balgla
ve/AppData/Roaming/TinyTeX/texmf-dist/fonts/type1/public/lm/lmss10.pfb><c:/User
s/balglave/AppData/Roaming/TinyTeX/texmf-dist/fonts/type1/public/lm/lmss12.pfb>
<c:/Users/balglave/AppData/Roaming/TinyTeX/texmf-dist/fonts/type1/public/lm/lms
s8.pfb><c:/Users/balglave/AppData/Roaming/TinyTeX/texmf-dist/fonts/type1/public
/lm/lmss9.pfb><c:/Users/balglave/AppData/Roaming/TinyTeX/texmf-dist/fonts/type1
/public/lm/lmssbo10.pfb><c:/Users/balglave/AppData/Roaming/TinyTeX/texmf-dist/f
onts/type1/public/lm/lmssbx10.pfb><c:/Users/balglave/AppData/Roaming/TinyTeX/te
xmf-dist/fonts/type1/public/lm/lmsso8.pfb><c:/Users/balglave/AppData/Roaming/Ti
nyTeX/texmf-dist/fonts/type1/public/lm/lmsy10.pfb><c:/Users/balglave/AppData/Ro
aming/TinyTeX/texmf-dist/fonts/type1/public/lm/lmsy5.pfb><c:/Users/balglave/App
Data/Roaming/TinyTeX/texmf-dist/fonts/type1/public/lm/lmsy6.pfb><c:/Users/balgl
ave/AppData/Roaming/TinyTeX/texmf-dist/fonts/type1/public/lm/lmsy7.pfb><c:/User
s/balglave/AppData/Roaming/TinyTeX/texmf-dist/fonts/type1/public/lm/lmsy8.pfb><
c:/Users/balglave/AppData/Roaming/TinyTeX/texmf-dist/fonts/type1/urw/zapfding/u
zdr.pfb>
Output written on GDREcostat_2022.pdf (22 pages, 29348839 bytes).
PDF statistics:
 649 PDF objects out of 1000 (max. 8388607)
 527 compressed objects within 6 object streams
 58 named destinations out of 1000 (max. 500000)
 63737 words of extra memory for PDF output out of 74296 (max. 10000000)

